<?xml version="1.0" encoding="UTF-8"?>
<!-- Generated by org.testng.reporters.JUnitReportReporter -->
<testsuite hostname="DESKTOP-73VT5SL" failures="0" tests="4" name="smoke_suite.ALC_347" time="150.678" errors="0" timestamp="2024-08-27T19:28:07 IST" skipped="0">
  <testcase classname="smoke_suite.ALC_347" name="create_a_member_with_tokens" time="54.461"/>
  <testcase classname="smoke_suite.ALC_347" name="verify_tokens_present_in_app" time="37.645"/>
  <testcase classname="smoke_suite.ALC_347" name="reclaim_tokens_on_alchemy" time="3.994"/>
  <testcase classname="smoke_suite.ALC_347" name="verify_tokens_not_present_in_app" time="54.578"/>
</testsuite> <!-- smoke_suite.ALC_347 -->
