<?xml version="1.0" encoding="UTF-8"?>
<!-- Generated by org.testng.reporters.JUnitReportReporter -->
<testsuite hostname="DESKTOP-73VT5SL" failures="1" tests="19" name="smoke_suite.ALC_1711" time="1425.830" errors="0" timestamp="2024-08-27T15:51:25 IST" skipped="0">
  <testcase classname="smoke_suite.ALC_1711" name="createAndPerformTransaction" time="70.306"/>
  <testcase classname="smoke_suite.ALC_1711" name="kgRecycledAndBonusInBranchExcHistoryBeforeVoid" time="164.662"/>
  <testcase classname="smoke_suite.ALC_1711" name="dashBoardVerificationsBeforeVoid" time="59.152"/>
  <testcase classname="smoke_suite.ALC_1711" name="bonusOrderExcHisVerificationBeforeVoid" time="58.216"/>
  <testcase classname="smoke_suite.ALC_1711" name="ExcHisBonusVerificationBeforeVoid" time="78.408"/>
  <testcase classname="smoke_suite.ALC_1711" name="verifyTokenInAppBeforeBonusPaid" time="170.120"/>
  <testcase classname="smoke_suite.ALC_1711" name="approveBonus" time="65.478"/>
  <testcase classname="smoke_suite.ALC_1711" name="verifyBonusInAlchmeyAfterBonusPaid" time="59.654"/>
  <testcase classname="smoke_suite.ALC_1711" name="verifyBonusInAppAfterBonusPaid" time="108.351"/>
  <testcase classname="smoke_suite.ALC_1711" name="voidTransaction" time="17.900"/>
  <testcase classname="smoke_suite.ALC_1711" name="kgRecycledInBranchAfterVoid" time="107.597"/>
  <testcase classname="smoke_suite.ALC_1711" name="dashBoardVerificationsAfterVoid" time="81.902">
    <failure message="expected [19] but found [-137669730]" type="java.lang.AssertionError">
      <![CDATA[java.lang.AssertionError: expected [19] but found [-137669730]
at org.testng.Assert.fail(Assert.java:111)
at org.testng.Assert.failNotEquals(Assert.java:1578)
at org.testng.Assert.assertEqualsImpl(Assert.java:150)
at org.testng.Assert.assertEquals(Assert.java:132)
at org.testng.Assert.assertEquals(Assert.java:1419)
at org.testng.Assert.assertEquals(Assert.java:1383)
at org.testng.Assert.assertEquals(Assert.java:1429)
at smoke_suite.ALC_1711.dashBoardVerificationsAfterVoid(ALC_1711.java:210)
at java.base/jdk.internal.reflect.DirectMethodHandleAccessor.invoke(DirectMethodHandleAccessor.java:104)
at java.base/java.lang.reflect.Method.invoke(Method.java:578)
at org.testng.internal.invokers.MethodInvocationHelper.invokeMethod(MethodInvocationHelper.java:139)
at org.testng.internal.invokers.TestInvoker.invokeMethod(TestInvoker.java:664)
at org.testng.internal.invokers.TestInvoker.invokeTestMethod(TestInvoker.java:227)
at org.testng.internal.invokers.MethodRunner.runInSequence(MethodRunner.java:50)
at org.testng.internal.invokers.TestInvoker$MethodInvocationAgent.invoke(TestInvoker.java:957)
at org.testng.internal.invokers.TestInvoker.invokeTestMethods(TestInvoker.java:200)
at org.testng.internal.invokers.TestMethodWorker.invokeTestMethods(TestMethodWorker.java:148)
at org.testng.internal.invokers.TestMethodWorker.run(TestMethodWorker.java:128)
at java.base/java.util.ArrayList.forEach(ArrayList.java:1511)
at org.testng.TestRunner.privateRun(TestRunner.java:848)
at org.testng.TestRunner.run(TestRunner.java:621)
at org.testng.SuiteRunner.runTest(SuiteRunner.java:443)
at org.testng.SuiteRunner.runSequentially(SuiteRunner.java:437)
at org.testng.SuiteRunner.privateRun(SuiteRunner.java:397)
at org.testng.SuiteRunner.run(SuiteRunner.java:336)
at org.testng.SuiteRunnerWorker.runSuite(SuiteRunnerWorker.java:52)
at org.testng.SuiteRunnerWorker.run(SuiteRunnerWorker.java:95)
at org.testng.TestNG.runSuitesSequentially(TestNG.java:1280)
at org.testng.TestNG.runSuitesLocally(TestNG.java:1200)
at org.testng.TestNG.runSuites(TestNG.java:1114)
at org.testng.TestNG.run(TestNG.java:1082)
at org.testng.remote.AbstractRemoteTestNG.run(AbstractRemoteTestNG.java:115)
at org.testng.remote.RemoteTestNG.initAndRun(RemoteTestNG.java:251)
at org.testng.remote.RemoteTestNG.main(RemoteTestNG.java:77)
]]>
    </failure>
  </testcase> <!-- dashBoardVerificationsAfterVoid -->
  <testcase classname="smoke_suite.ALC_1711" name="bonusOrderExcHisVerificationAfterVoid" time="45.972"/>
  <testcase classname="smoke_suite.ALC_1711" name="bonusProgressInSummaryTabAfterVoid" time="25.628"/>
  <testcase classname="smoke_suite.ALC_1711" name="reclaimToken" time="16.220"/>
  <testcase classname="smoke_suite.ALC_1711" name="verifyBonusInAppAfterReclaimToken" time="175.243"/>
  <testcase classname="smoke_suite.ALC_1711" name="verifyBonusInAlchmeyAfterReclaimToken" time="33.880"/>
  <testcase classname="smoke_suite.ALC_1711" name="bonusExchangeHistoryTransaction" time="16.055"/>
  <testcase classname="smoke_suite.ALC_1711" name="branchExchangeHistoryBonus" time="71.086"/>
</testsuite> <!-- smoke_suite.ALC_1711 -->
