<?xml version="1.0" encoding="UTF-8"?>
<!-- Generated by org.testng.reporters.JUnitReportReporter -->
<testsuite hostname="DESKTOP-73VT5SL" failures="0" tests="2" name="smoke_suite.ALC_4366" time="239.993" errors="0" timestamp="2024-10-08T04:44:59 IST" skipped="0">
  <testcase classname="smoke_suite.ALC_4366" name="tokenTransferAndVerifyInOrdersData" time="177.210"/>
  <testcase classname="smoke_suite.ALC_4366" name="verifyTransferTokenOnApp" time="62.783"/>
</testsuite> <!-- smoke_suite.ALC_4366 -->
