<?xml version="1.0" encoding="UTF-8"?>
<!-- Generated by org.testng.reporters.JUnitReportReporter -->
<testsuite hostname="DESKTOP-73VT5SL" failures="0" tests="9" name="smoke_suite.ALC_4350" time="817.462" errors="0" timestamp="2024-10-08T12:24:45 IST" skipped="0">
  <testcase classname="smoke_suite.ALC_4350" name="signUp" time="204.827"/>
  <testcase classname="smoke_suite.ALC_4350" name="loginAlchmey" time="12.344"/>
  <testcase classname="smoke_suite.ALC_4350" name="VerifyMemberAlchmey" time="49.283"/>
  <testcase classname="smoke_suite.ALC_4350" name="createBranchAndMember" time="173.417"/>
  <testcase classname="smoke_suite.ALC_4350" name="EditMemberDetails" time="48.127"/>
  <testcase classname="smoke_suite.ALC_4350" name="loginBranchMemberPB" time="56.375"/>
  <testcase classname="smoke_suite.ALC_4350" name="suspendMemberALC" time="42.074"/>
  <testcase classname="smoke_suite.ALC_4350" name="memberSuspendVerify" time="43.376"/>
  <testcase classname="smoke_suite.ALC_4350" name="branchSuspendMemberVerification" time="187.639"/>
</testsuite> <!-- smoke_suite.ALC_4350 -->
