<?xml version="1.0" encoding="UTF-8"?>
<!-- Generated by org.testng.reporters.JUnitReportReporter -->
<testsuite hostname="DESKTOP-73VT5SL" failures="0" tests="2" name="smoke_suite.ALC_4348" time="454.493" errors="0" timestamp="2024-10-08T09:19:36 IST" skipped="0">
  <testcase classname="smoke_suite.ALC_4348" name="verifyUserCanNot" time="239.165"/>
  <testcase classname="smoke_suite.ALC_4348" name="verifyUserCanAfter3Min" time="215.328"/>
</testsuite> <!-- smoke_suite.ALC_4348 -->
