<?xml version="1.0" encoding="UTF-8"?>
<!-- Generated by org.testng.reporters.JUnitReportReporter -->
<testsuite hostname="DESKTOP-73VT5SL" failures="0" tests="6" name="smoke_suite.ALC_4354" time="501.819" errors="0" timestamp="2024-10-08T12:35:21 IST" skipped="0">
  <testcase classname="smoke_suite.ALC_4354" name="createProcessor" time="128.864"/>
  <testcase classname="smoke_suite.ALC_4354" name="seacrchAndEditProcessorInAlchmey" time="35.335"/>
  <testcase classname="smoke_suite.ALC_4354" name="VerifyInApp" time="53.624"/>
  <testcase classname="smoke_suite.ALC_4354" name="createprocessorfromsignuppage" time="201.843"/>
  <testcase classname="smoke_suite.ALC_4354" name="edit" time="31.308"/>
  <testcase classname="smoke_suite.ALC_4354" name="check" time="50.845"/>
</testsuite> <!-- smoke_suite.ALC_4354 -->
