<?xml version="1.0" encoding="UTF-8"?>
<!-- Generated by org.testng.reporters.JUnitReportReporter -->
<testsuite hostname="DESKTOP-73VT5SL" failures="0" tests="5" name="smoke_suite.ALC_348" time="179.159" errors="0" timestamp="2024-10-08T04:44:59 IST" skipped="0">
  <testcase classname="smoke_suite.ALC_348" name="createbranch" time="30.202"/>
  <testcase classname="smoke_suite.ALC_348" name="sendtokenstobranch" time="33.642"/>
  <testcase classname="smoke_suite.ALC_348" name="verifytokensinapp" time="50.623"/>
  <testcase classname="smoke_suite.ALC_348" name="reclaimtokens" time="5.032"/>
  <testcase classname="smoke_suite.ALC_348" name="verifytokensnotinapp" time="59.660"/>
</testsuite> <!-- smoke_suite.ALC_348 -->
