<?xml version="1.0" encoding="UTF-8"?>
<!-- Generated by org.testng.reporters.JUnitReportReporter -->
<testsuite hostname="DESKTOP-73VT5SL" failures="0" tests="10" name="smoke_suite.ALC_4351" time="835.848" errors="0" timestamp="2024-10-08T04:44:59 IST" skipped="0">
  <testcase classname="smoke_suite.ALC_4351" name="openRegisterdBranchInApp" time="156.573"/>
  <testcase classname="smoke_suite.ALC_4351" name="branchVerifyAndEdit" time="45.060"/>
  <testcase classname="smoke_suite.ALC_4351" name="verifyEditInApp" time="59.023"/>
  <testcase classname="smoke_suite.ALC_4351" name="suspendBranch" time="88.319"/>
  <testcase classname="smoke_suite.ALC_4351" name="verifySuspendedAccount" time="80.296"/>
  <testcase classname="smoke_suite.ALC_4351" name="signupasbranchdirectly" time="151.219"/>
  <testcase classname="smoke_suite.ALC_4351" name="direct_branchVerifyAndEdit" time="33.227"/>
  <testcase classname="smoke_suite.ALC_4351" name="verifyEditInAppagain" time="48.836"/>
  <testcase classname="smoke_suite.ALC_4351" name="suspendBranchagain" time="93.083"/>
  <testcase classname="smoke_suite.ALC_4351" name="verifySuspendedAccountsecondtime" time="80.212"/>
</testsuite> <!-- smoke_suite.ALC_4351 -->
