<?xml version="1.0" encoding="UTF-8"?>
<!-- Generated by org.testng.reporters.JUnitReportReporter -->
<testsuite hostname="DESKTOP-73VT5SL" failures="0" tests="3" name="smoke_suite.ALC_4361" time="426.442" errors="0" timestamp="2024-10-08T04:44:59 IST" skipped="0">
  <testcase classname="smoke_suite.ALC_4361" name="createdata" time="40.178"/>
  <testcase classname="smoke_suite.ALC_4361" name="doTransactions" time="200.950"/>
  <testcase classname="smoke_suite.ALC_4361" name="verifyNoBonusForDonations" time="185.314"/>
</testsuite> <!-- smoke_suite.ALC_4361 -->
