<?xml version="1.0" encoding="UTF-8"?>
<!-- Generated by org.testng.reporters.JUnitReportReporter -->
<testsuite hostname="DESKTOP-73VT5SL" failures="0" tests="9" name="smoke_suite.ALC_4350" time="796.624" errors="0" timestamp="2024-08-27T16:27:47 IST" skipped="0">
  <testcase classname="smoke_suite.ALC_4350" name="signUp" time="220.385"/>
  <testcase classname="smoke_suite.ALC_4350" name="loginAlchmey" time="14.896"/>
  <testcase classname="smoke_suite.ALC_4350" name="VerifyMemberAlchmey" time="45.351"/>
  <testcase classname="smoke_suite.ALC_4350" name="createBranchAndMember" time="208.564"/>
  <testcase classname="smoke_suite.ALC_4350" name="EditMemberDetails" time="44.396"/>
  <testcase classname="smoke_suite.ALC_4350" name="loginBranchMemberPB" time="48.792"/>
  <testcase classname="smoke_suite.ALC_4350" name="suspendMemberALC" time="38.452"/>
  <testcase classname="smoke_suite.ALC_4350" name="memberSuspendVerify" time="33.904"/>
  <testcase classname="smoke_suite.ALC_4350" name="branchSuspendMemberVerification" time="141.884"/>
</testsuite> <!-- smoke_suite.ALC_4350 -->
