<?xml version="1.0" encoding="UTF-8"?>
<!-- Generated by org.testng.reporters.JUnitReportReporter -->
<testsuite hostname="DESKTOP-73VT5SL" failures="0" tests="4" name="smoke_suite.ALC_347" time="183.916" errors="0" timestamp="2024-10-08T04:44:59 IST" skipped="0">
  <testcase classname="smoke_suite.ALC_347" name="create_a_member_with_tokens" time="65.690"/>
  <testcase classname="smoke_suite.ALC_347" name="verify_tokens_present_in_app" time="46.157"/>
  <testcase classname="smoke_suite.ALC_347" name="reclaim_tokens_on_alchemy" time="7.034"/>
  <testcase classname="smoke_suite.ALC_347" name="verify_tokens_not_present_in_app" time="65.035"/>
</testsuite> <!-- smoke_suite.ALC_347 -->
