<?xml version="1.0" encoding="UTF-8"?>
<!-- Generated by org.testng.reporters.JUnitReportReporter -->
<testsuite hostname="DESKTOP-73VT5SL" failures="0" tests="5" name="smoke_suite.ALC_4995" time="159.259" errors="0" timestamp="2024-10-08T04:44:59 IST" skipped="0">
  <testcase classname="smoke_suite.ALC_4995" name="createstore" time="11.898"/>
  <testcase classname="smoke_suite.ALC_4995" name="sendtokenstobranch" time="33.208"/>
  <testcase classname="smoke_suite.ALC_4995" name="verifytokensinapp" time="44.013"/>
  <testcase classname="smoke_suite.ALC_4995" name="reclaimtokens" time="7.520"/>
  <testcase classname="smoke_suite.ALC_4995" name="verifytokensnotinapp" time="62.620"/>
</testsuite> <!-- smoke_suite.ALC_4995 -->
