<?xml version="1.0" encoding="UTF-8"?>
<!-- Generated by org.testng.reporters.JUnitReportReporter -->
<testsuite hostname="DESKTOP-73VT5SL" failures="0" tests="4" name="smoke_suite.ALC_4359" time="752.668" errors="0" timestamp="2024-10-08T12:57:57 IST" skipped="0">
  <testcase classname="smoke_suite.ALC_4359" name="dataCreation" time="129.807"/>
  <testcase classname="smoke_suite.ALC_4359" name="editMemberUncheckBonus" time="183.077"/>
  <testcase classname="smoke_suite.ALC_4359" name="verifyBonusPlasticBankWithBranch" time="259.877"/>
  <testcase classname="smoke_suite.ALC_4359" name="verifyBonusPlasticBankWithProcessor" time="179.907"/>
</testsuite> <!-- smoke_suite.ALC_4359 -->
