<?xml version="1.0" encoding="UTF-8"?>
<!-- Generated by org.testng.reporters.JUnitReportReporter -->
<testsuite hostname="DESKTOP-73VT5SL" failures="0" tests="6" name="smoke_suite.ALC_4358" time="896.093" errors="0" timestamp="2024-10-08T04:44:59 IST" skipped="0">
  <testcase classname="smoke_suite.ALC_4358" name="createSplitBranchAndAddMember" time="510.227"/>
  <testcase classname="smoke_suite.ALC_4358" name="disableBranchInApp" time="28.563"/>
  <testcase classname="smoke_suite.ALC_4358" name="createNonSplitBranchAndProcessor" time="58.619"/>
  <testcase classname="smoke_suite.ALC_4358" name="transaction_SplitBranch_NormalBranch" time="117.757"/>
  <testcase classname="smoke_suite.ALC_4358" name="verifyInAlchemy" time="64.037"/>
  <testcase classname="smoke_suite.ALC_4358" name="transactionProcessorBranch" time="116.890"/>
</testsuite> <!-- smoke_suite.ALC_4358 -->
