<?xml version="1.0" encoding="UTF-8"?>
<!-- Generated by org.testng.reporters.JUnitReportReporter -->
<testsuite hostname="DESKTOP-73VT5SL" failures="0" tests="1" name="smoke_suite.ALC_4349" time="39.724" errors="0" timestamp="2024-10-08T09:19:36 IST" skipped="0">
  <testcase classname="smoke_suite.ALC_4349" name="verifypasswordcriteria" time="39.724"/>
</testsuite> <!-- smoke_suite.ALC_4349 -->
